;/////////////////////////////////////////////////////////////////////////////////
;// Code Generator: BoostC Compiler - http://www.sourceboost.com
;// Version       : 6.95
;// License Type  : Lite License (Unregistered)
;// Limitations   : PIC12,PIC16 max code size:2048 words, max RAM banks:2, Non commercial use only
;/////////////////////////////////////////////////////////////////////////////////

	ORG 0x00000000
0000  2962  	GOTO	_startup
	ORG 0x00000004
0004        delay_ms_00000
0004        ; { delay_ms ; function begin
0004  08B8  	MOVF delay_ms_00000_arg_del, F
0005  1D03  	BTFSS STATUS,Z
0006  2808  	GOTO	label1
0007  0008  	RETURN
0008        label1
0008  30F9  	MOVLW 0xF9
0009        label2
0009  0000  	NOP
000A  0000  	NOP
000B  0000  	NOP
000C  0000  	NOP
000D  3EFF  	ADDLW 0xFF
000E  1D03  	BTFSS STATUS,Z
000F  2809  	GOTO	label2
0010  0000  	NOP
0011  0000  	NOP
0012  0000  	NOP
0013  0000  	NOP
0014  0000  	NOP
0015  0BB8  	DECFSZ delay_ms_00000_arg_del, F
0016  2808  	GOTO	label1
0017  0008  	RETURN
0018        ; } delay_ms function end

	ORG 0x00000018
0018        Write1_00000
0018        ; { Write1 ; function begin
0018  1283  	BCF STATUS, RP0
0019  1303  	BCF STATUS, RP1
001A  1486  	BSF gbl_SDO,1
001B  1185  	BCF gbl_SCK,3
001C  0000  	NOP
001D  0000  	NOP
001E  0000  	NOP
001F  0000  	NOP
0020  0000  	NOP
0021  0000  	NOP
0022  0000  	NOP
0023  0000  	NOP
0024  0000  	NOP
0025  0000  	NOP
0026  0000  	NOP
0027  0000  	NOP
0028  0000  	NOP
0029  0000  	NOP
002A  0000  	NOP
002B  0000  	NOP
002C  1585  	BSF gbl_SCK,3
002D  0000  	NOP
002E  0008  	RETURN
002F        ; } Write1 function end

	ORG 0x0000002F
002F        Write0_00000
002F        ; { Write0 ; function begin
002F  1283  	BCF STATUS, RP0
0030  1303  	BCF STATUS, RP1
0031  1086  	BCF gbl_SDO,1
0032  1185  	BCF gbl_SCK,3
0033  0000  	NOP
0034  0000  	NOP
0035  0000  	NOP
0036  0000  	NOP
0037  0000  	NOP
0038  0000  	NOP
0039  0000  	NOP
003A  0000  	NOP
003B  0000  	NOP
003C  0000  	NOP
003D  0000  	NOP
003E  0000  	NOP
003F  0000  	NOP
0040  0000  	NOP
0041  0000  	NOP
0042  0000  	NOP
0043  1585  	BSF gbl_SCK,3
0044  0000  	NOP
0045  0008  	RETURN
0046        ; } Write0 function end

	ORG 0x00000046
0046        WriteCMD_00000
0046        ; { WriteCMD ; function begin
0046  01BA  	CLRF WriteCMD_00000_1_RESULT
0047  01BB  	CLRF WriteCMD_00000_1_RESULT+D'1'
0048  3010  	MOVLW 0x10
0049  00BC  	MOVWF WriteCMD_00000_1_n
004A  1185  	BCF gbl_SCK,3
004B  1105  	BCF gbl_RFM12_CS,2
004C        label3
004C  083C  	MOVF WriteCMD_00000_1_n, W
004D  00BD  	MOVWF CompTempVar580
004E  03BC  	DECF WriteCMD_00000_1_n, F
004F  08BD  	MOVF CompTempVar580, F
0050  1903  	BTFSC STATUS,Z
0051  2860  	GOTO	label6
0052  1FB9  	BTFSS WriteCMD_00000_arg_CMD+D'1',7
0053  2856  	GOTO	label4
0054  2018  	CALL Write1_00000
0055  2857  	GOTO	label5
0056        label4
0056  202F  	CALL Write0_00000
0057        label5
0057  1003  	BCF STATUS,C
0058  0DBA  	RLF WriteCMD_00000_1_RESULT, F
0059  0DBB  	RLF WriteCMD_00000_1_RESULT+D'1', F
005A  1885  	BTFSC gbl_SDI,1
005B  143A  	BSF WriteCMD_00000_1_RESULT,0
005C  1003  	BCF STATUS,C
005D  0DB8  	RLF WriteCMD_00000_arg_CMD, F
005E  0DB9  	RLF WriteCMD_00000_arg_CMD+D'1', F
005F  284C  	GOTO	label3
0060        label6
0060  1185  	BCF gbl_SCK,3
0061  1505  	BSF gbl_RFM12_CS,2
0062  083A  	MOVF WriteCMD_00000_1_RESULT, W
0063  00BE  	MOVWF CompTempVarRet579
0064  083B  	MOVF WriteCMD_00000_1_RESULT+D'1', W
0065  00BF  	MOVWF CompTempVarRet579+D'1'
0066  0008  	RETURN
0067        ; } WriteCMD function end

	ORG 0x00000067
0067        WaitReady_00000
0067        ; { WaitReady ; function begin
0067  1283  	BCF STATUS, RP0
0068  1303  	BCF STATUS, RP1
0069  01B8  	CLRF WaitReady_00000_1_timeout
006A  01B9  	CLRF WaitReady_00000_1_timeout+D'1'
006B  01BA  	CLRF WaitReady_00000_1_timeout+D'2'
006C  01BB  	CLRF WaitReady_00000_1_timeout+D'3'
006D  103C  	BCF WaitReady_00000_1_READY,0
006E        label7
006E  183C  	BTFSC WaitReady_00000_1_READY,0
006F  0008  	RETURN
0070  1185  	BCF gbl_SCK,3
0071  1105  	BCF gbl_RFM12_CS,2
0072  202F  	CALL Write0_00000
0073  1885  	BTFSC gbl_SDI,1
0074  143C  	BSF WaitReady_00000_1_READY,0
0075  1185  	BCF gbl_SCK,3
0076  1086  	BCF gbl_SDO,1
0077  1505  	BSF gbl_RFM12_CS,2
0078  286E  	GOTO	label7
0079        ; } WaitReady function end

	ORG 0x00000079
0079        init_00000
0079        ; { init ; function begin
0079  3007  	MOVLW 0x07
007A  1283  	BCF STATUS, RP0
007B  1303  	BCF STATUS, RP1
007C  009F  	MOVWF gbl_cmcon
007D  1683  	BSF STATUS, RP0
007E  1381  	BCF gbl_option_reg,7
007F  1301  	BCF gbl_option_reg,6
0080  1005  	BCF gbl_LED1_TRIS,0
0081  1283  	BCF STATUS, RP0
0082  1005  	BCF gbl_LED1,0
0083  1683  	BSF STATUS, RP0
0084  1105  	BCF gbl_RFM12_CS_TRIS,2
0085  1283  	BCF STATUS, RP0
0086  1505  	BSF gbl_RFM12_CS,2
0087  1683  	BSF STATUS, RP0
0088  1185  	BCF gbl_SCK_TRIS,3
0089  1283  	BCF STATUS, RP0
008A  1185  	BCF gbl_SCK,3
008B  1683  	BSF STATUS, RP0
008C  1086  	BCF gbl_SDO_TRIS,1
008D  1283  	BCF STATUS, RP0
008E  1086  	BCF gbl_SDO,1
008F  1683  	BSF STATUS, RP0
0090  1406  	BSF gbl_RFM12_nIRQ_TRIS,0
0091  1485  	BSF gbl_SDI_TRIS,1
0092  30F4  	MOVLW 0xF4
0093  1283  	BCF STATUS, RP0
0094  00B8  	MOVWF delay_ms_00000_arg_del
0095  2004  	CALL delay_ms_00000
0096  30F7  	MOVLW 0xF7
0097  00B8  	MOVWF WriteCMD_00000_arg_CMD
0098  3080  	MOVLW 0x80
0099  00B9  	MOVWF WriteCMD_00000_arg_CMD+D'1'
009A  2046  	CALL WriteCMD_00000
009B  30D0  	MOVLW 0xD0
009C  00B8  	MOVWF WriteCMD_00000_arg_CMD
009D  30A7  	MOVLW 0xA7
009E  00B9  	MOVWF WriteCMD_00000_arg_CMD+D'1'
009F  2046  	CALL WriteCMD_00000
00A0  3023  	MOVLW 0x23
00A1  00B8  	MOVWF WriteCMD_00000_arg_CMD
00A2  30C6  	MOVLW 0xC6
00A3  00B9  	MOVWF WriteCMD_00000_arg_CMD+D'1'
00A4  2046  	CALL WriteCMD_00000
00A5  302C  	MOVLW 0x2C
00A6  00B8  	MOVWF WriteCMD_00000_arg_CMD
00A7  30C2  	MOVLW 0xC2
00A8  00B9  	MOVWF WriteCMD_00000_arg_CMD+D'1'
00A9  2046  	CALL WriteCMD_00000
00AA  30F7  	MOVLW 0xF7
00AB  00B8  	MOVWF WriteCMD_00000_arg_CMD
00AC  30C4  	MOVLW 0xC4
00AD  00B9  	MOVWF WriteCMD_00000_arg_CMD+D'1'
00AE  2046  	CALL WriteCMD_00000
00AF  30A0  	MOVLW 0xA0
00B0  00B8  	MOVWF WriteCMD_00000_arg_CMD
00B1  3096  	MOVLW 0x96
00B2  00B9  	MOVWF WriteCMD_00000_arg_CMD+D'1'
00B3  2046  	CALL WriteCMD_00000
00B4  3081  	MOVLW 0x81
00B5  00B8  	MOVWF WriteCMD_00000_arg_CMD
00B6  30CA  	MOVLW 0xCA
00B7  00B9  	MOVWF WriteCMD_00000_arg_CMD+D'1'
00B8  2046  	CALL WriteCMD_00000
00B9  01B8  	CLRF WriteCMD_00000_arg_CMD
00BA  30E0  	MOVLW 0xE0
00BB  00B9  	MOVWF WriteCMD_00000_arg_CMD+D'1'
00BC  2046  	CALL WriteCMD_00000
00BD  300E  	MOVLW 0x0E
00BE  00B8  	MOVWF WriteCMD_00000_arg_CMD
00BF  30C8  	MOVLW 0xC8
00C0  00B9  	MOVWF WriteCMD_00000_arg_CMD+D'1'
00C1  2046  	CALL WriteCMD_00000
00C2  01B8  	CLRF WriteCMD_00000_arg_CMD
00C3  30C0  	MOVLW 0xC0
00C4  00B9  	MOVWF WriteCMD_00000_arg_CMD+D'1'
00C5  2046  	CALL WriteCMD_00000
00C6  3080  	MOVLW 0x80
00C7  00B8  	MOVWF WriteCMD_00000_arg_CMD
00C8  3082  	MOVLW 0x82
00C9  00B9  	MOVWF WriteCMD_00000_arg_CMD+D'1'
00CA  2046  	CALL WriteCMD_00000
00CB  0008  	RETURN
00CC        ; } init function end

	ORG 0x000000CC
00CC        ReadFifo_00000
00CC        ; { ReadFifo ; function begin
00CC  2067  	CALL WaitReady_00000
00CD  01B8  	CLRF WriteCMD_00000_arg_CMD
00CE  30B0  	MOVLW 0xB0
00CF  00B9  	MOVWF WriteCMD_00000_arg_CMD+D'1'
00D0  2046  	CALL WriteCMD_00000
00D1  083E  	MOVF CompTempVarRet579, W
00D2  00B8  	MOVWF CompTempVarRet581
00D3  0008  	RETURN
00D4        ; } ReadFifo function end

	ORG 0x000000D4
00D4        main
00D4        ; { main ; function begin
00D4  1283  	BCF STATUS, RP0
00D5  1303  	BCF STATUS, RP1
00D6  01A2  	CLRF main_1_i
00D7  01A3  	CLRF main_1_j
00D8  01A4  	CLRF main_1_chksum
00D9  01A5  	CLRF main_1_chksum+D'1'
00DA  01B7  	CLRF main_1_temp
00DB  2079  	CALL init_00000
00DC  1405  	BSF gbl_LED1,0
00DD  30F4  	MOVLW 0xF4
00DE  00B8  	MOVWF delay_ms_00000_arg_del
00DF  2004  	CALL delay_ms_00000
00E0  1005  	BCF gbl_LED1,0
00E1  30F4  	MOVLW 0xF4
00E2  00B8  	MOVWF delay_ms_00000_arg_del
00E3  2004  	CALL delay_ms_00000
00E4  1405  	BSF gbl_LED1,0
00E5  30F4  	MOVLW 0xF4
00E6  00B8  	MOVWF delay_ms_00000_arg_del
00E7  2004  	CALL delay_ms_00000
00E8  1005  	BCF gbl_LED1,0
00E9  3081  	MOVLW 0x81
00EA  00B8  	MOVWF WriteCMD_00000_arg_CMD
00EB  30CA  	MOVLW 0xCA
00EC  00B9  	MOVWF WriteCMD_00000_arg_CMD+D'1'
00ED  2046  	CALL WriteCMD_00000
00EE  3083  	MOVLW 0x83
00EF  00B8  	MOVWF WriteCMD_00000_arg_CMD
00F0  30CA  	MOVLW 0xCA
00F1  00B9  	MOVWF WriteCMD_00000_arg_CMD+D'1'
00F2  2046  	CALL WriteCMD_00000
00F3        label8
00F3  1806  	BTFSC gbl_RFM12_IRQ,0
00F4  28F3  	GOTO	label8
00F5  20CC  	CALL ReadFifo_00000
00F6  0838  	MOVF CompTempVarRet581, W
00F7  00B7  	MOVWF main_1_temp
00F8  1383  	BCF	STATUS,IRP
00F9  3026  	MOVLW LOW(main_1_buffer+D'0')
00FA  0084  	MOVWF FSR
00FB  0822  	MOVF main_1_i, W
00FC  0AA2  	INCF main_1_i, F
00FD  0784  	ADDWF FSR, F
00FE  0837  	MOVF main_1_temp, W
00FF  0080  	MOVWF INDF
0100  08B7  	MOVF main_1_temp, F
0101  1903  	BTFSC STATUS,Z
0102  291A  	GOTO	label12
0103  01A0  	CLRF gbl_t
0104  01A1  	CLRF gbl_t+D'1'
0105        label9
0105  3004  	MOVLW 0x04
0106  0220  	SUBWF gbl_t, W
0107  0821  	MOVF gbl_t+D'1', W
0108  1803  	BTFSC STATUS,C
0109  290C  	GOTO	label10
010A  1903  	BTFSC STATUS,Z
010B  290E  	GOTO	label11
010C        label10
010C  1FA1  	BTFSS gbl_t+D'1',7
010D  291A  	GOTO	label12
010E        label11
010E  1405  	BSF gbl_LED1,0
010F  3019  	MOVLW 0x19
0110  00B8  	MOVWF delay_ms_00000_arg_del
0111  2004  	CALL delay_ms_00000
0112  1005  	BCF gbl_LED1,0
0113  3019  	MOVLW 0x19
0114  00B8  	MOVWF delay_ms_00000_arg_del
0115  2004  	CALL delay_ms_00000
0116  0AA0  	INCF gbl_t, F
0117  1903  	BTFSC STATUS,Z
0118  0AA1  	INCF gbl_t+D'1', F
0119  2905  	GOTO	label9
011A        label12
011A  0822  	MOVF main_1_i, W
011B  3A11  	XORLW 0x11
011C  1D03  	BTFSS STATUS,Z
011D  28F3  	GOTO	label8
011E  01A2  	CLRF main_1_i
011F  3081  	MOVLW 0x81
0120  00B8  	MOVWF WriteCMD_00000_arg_CMD
0121  30CA  	MOVLW 0xCA
0122  00B9  	MOVWF WriteCMD_00000_arg_CMD+D'1'
0123  2046  	CALL WriteCMD_00000
0124  01A4  	CLRF main_1_chksum
0125  01A5  	CLRF main_1_chksum+D'1'
0126  01A3  	CLRF main_1_j
0127        label13
0127  3010  	MOVLW 0x10
0128  0223  	SUBWF main_1_j, W
0129  1803  	BTFSC STATUS,C
012A  2936  	GOTO	label14
012B  1383  	BCF	STATUS,IRP
012C  3026  	MOVLW LOW(main_1_buffer+D'0')
012D  0084  	MOVWF FSR
012E  0823  	MOVF main_1_j, W
012F  0784  	ADDWF FSR, F
0130  0800  	MOVF INDF, W
0131  07A4  	ADDWF main_1_chksum, F
0132  1803  	BTFSC STATUS,C
0133  0AA5  	INCF main_1_chksum+D'1', F
0134  0AA3  	INCF main_1_j, F
0135  2927  	GOTO	label13
0136        label14
0136  01A5  	CLRF main_1_chksum+D'1'
0137  0836  	MOVF main_1_buffer+D'16', W
0138  0624  	XORWF main_1_chksum, W
0139  1903  	BTFSC STATUS,Z
013A  0825  	MOVF main_1_chksum+D'1', W
013B  1D03  	BTFSS STATUS,Z
013C  2957  	GOTO	label18
013D  08B6  	MOVF main_1_buffer+D'16', F
013E  1903  	BTFSC STATUS,Z
013F  2957  	GOTO	label18
0140  01A0  	CLRF gbl_t
0141  01A1  	CLRF gbl_t+D'1'
0142        label15
0142  3004  	MOVLW 0x04
0143  0220  	SUBWF gbl_t, W
0144  0821  	MOVF gbl_t+D'1', W
0145  1803  	BTFSC STATUS,C
0146  2949  	GOTO	label16
0147  1903  	BTFSC STATUS,Z
0148  294B  	GOTO	label17
0149        label16
0149  1FA1  	BTFSS gbl_t+D'1',7
014A  2957  	GOTO	label18
014B        label17
014B  1405  	BSF gbl_LED1,0
014C  3019  	MOVLW 0x19
014D  00B8  	MOVWF delay_ms_00000_arg_del
014E  2004  	CALL delay_ms_00000
014F  1005  	BCF gbl_LED1,0
0150  3019  	MOVLW 0x19
0151  00B8  	MOVWF delay_ms_00000_arg_del
0152  2004  	CALL delay_ms_00000
0153  0AA0  	INCF gbl_t, F
0154  1903  	BTFSC STATUS,Z
0155  0AA1  	INCF gbl_t+D'1', F
0156  2942  	GOTO	label15
0157        label18
0157  3081  	MOVLW 0x81
0158  00B8  	MOVWF WriteCMD_00000_arg_CMD
0159  30CA  	MOVLW 0xCA
015A  00B9  	MOVWF WriteCMD_00000_arg_CMD+D'1'
015B  2046  	CALL WriteCMD_00000
015C  3083  	MOVLW 0x83
015D  00B8  	MOVWF WriteCMD_00000_arg_CMD
015E  30CA  	MOVLW 0xCA
015F  00B9  	MOVWF WriteCMD_00000_arg_CMD+D'1'
0160  2046  	CALL WriteCMD_00000
0161  28F3  	GOTO	label8
0162        ; } main function end

	ORG 0x00000162
0162        _startup
0162  1283  	BCF STATUS, RP0
0163  1303  	BCF STATUS, RP1
0164  01A0  	CLRF gbl_t
0165  01A1  	CLRF gbl_t+D'1'
0166  118A  	BCF PCLATH,3
0167  120A  	BCF PCLATH,4
0168  28D4  	GOTO	main
	ORG 0x00002007
2007  3F10  	DW 0x3F10
